[2016-12-07 23:18:18.733] [INFO] pomelo - [32m[/Users/Henry/Documents/project/MyPomeloDemo/MyPomeloServer/game-server/node_modules/pomelo/lib/application.js] [39mapplication inited: "gate-server-1"
[2016-12-07 23:18:19.201] [INFO] pomelo - [32m[/Users/Henry/Documents/project/MyPomeloDemo/MyPomeloServer/game-server/node_modules/pomelo/lib/application.js] [39m"gate-server-1" enter after start...
[2016-12-07 23:18:19.209] [INFO] pomelo - [32m[/Users/Henry/Documents/project/MyPomeloDemo/MyPomeloServer/game-server/node_modules/pomelo/lib/application.js] [39m"gate-server-1" finish start
[2016-12-07 23:18:19.209] [INFO] pomelo - [32m[/Users/Henry/Documents/project/MyPomeloDemo/MyPomeloServer/game-server/node_modules/pomelo/lib/application.js] [39m"gate-server-1" startup in 362 ms
[2016-12-07 23:18:19.215] [DEBUG] pomelo - [36m[/Users/Henry/Documents/project/MyPomeloDemo/MyPomeloServer/game-server/node_modules/pomelo/lib/modules/monitorwatcher.js] [39m[gate-server-1] receive addServer signal: {"action":"addServer","server":{"main":"/Users/Henry/Documents/project/MyPomeloDemo/MyPomeloServer/game-server/app.js","env":"development","id":"connector-server-1","host":"127.0.0.1","port":4050,"clientPort":3050,"frontend":"true","serverType":"connector","pid":1346}}
[2016-12-08 11:30:22.595] [INFO] pomelo - [32m[E:\projects\MyPomeloDemo\MyPomeloServer\game-server\node_modules\pomelo\lib\application.js] [39mapplication inited: "gate-server-1"
[2016-12-08 11:30:23.311] [INFO] pomelo - [32m[E:\projects\MyPomeloDemo\MyPomeloServer\game-server\node_modules\pomelo\lib\application.js] [39m"gate-server-1" enter after start...
[2016-12-08 11:30:23.330] [INFO] pomelo - [32m[E:\projects\MyPomeloDemo\MyPomeloServer\game-server\node_modules\pomelo\lib\application.js] [39m"gate-server-1" finish start
[2016-12-08 11:30:23.330] [INFO] pomelo - [32m[E:\projects\MyPomeloDemo\MyPomeloServer\game-server\node_modules\pomelo\lib\application.js] [39m"gate-server-1" startup in 467 ms
[2016-12-08 11:31:15.487] [DEBUG] pomelo - [36m[E:\projects\MyPomeloDemo\MyPomeloServer\game-server\node_modules\pomelo\lib\components\connector.js] [39m[gate-server-1] getSession session is created with session id: 1
[2016-12-08 11:31:15.592] [DEBUG] pomelo - [36m[E:\projects\MyPomeloDemo\MyPomeloServer\game-server\node_modules\pomelo\lib\components\connector.js] [39m[gate-server-1] handleMessage session id: 1, msg: {"id":1,"type":0,"compressRoute":0,"route":"gate.gateHandler.queryEntry","body":{"uid":"hjcenry"},"compressGzip":0}
[2016-12-08 11:31:15.635] [DEBUG] pomelo - [36m[E:\projects\MyPomeloDemo\MyPomeloServer\game-server\node_modules\pomelo\lib\components\connector.js] [39m[gate-server-1] send message reqId: 1, route: gate.gateHandler.queryEntry, msg: {"code":200,"host":"127.0.0.1","port":3050}, receivers: [1], opts: {"type":"response","userOptions":{},"isResponse":true}
[2016-12-08 11:31:15.715] [DEBUG] pomelo - [36m[E:\projects\MyPomeloDemo\MyPomeloServer\game-server\node_modules\pomelo\lib\common\service\sessionService.js] [39msession on [gate-server-1] is closed with session id: 1
[2016-12-08 11:34:51.840] [DEBUG] pomelo - [36m[E:\projects\MyPomeloDemo\MyPomeloServer\game-server\node_modules\pomelo\lib\components\connector.js] [39m[gate-server-1] getSession session is created with session id: 2
[2016-12-08 11:34:51.889] [DEBUG] pomelo - [36m[E:\projects\MyPomeloDemo\MyPomeloServer\game-server\node_modules\pomelo\lib\components\connector.js] [39m[gate-server-1] handleMessage session id: 2, msg: {"id":1,"type":0,"compressRoute":0,"route":"gate.gateHandler.queryEntry","body":{"uid":"hjc"},"compressGzip":0}
[2016-12-08 11:34:51.890] [DEBUG] pomelo - [36m[E:\projects\MyPomeloDemo\MyPomeloServer\game-server\node_modules\pomelo\lib\components\connector.js] [39m[gate-server-1] send message reqId: 1, route: gate.gateHandler.queryEntry, msg: {"code":200,"host":"127.0.0.1","port":3050}, receivers: [2], opts: {"type":"response","userOptions":{},"isResponse":true}
[2016-12-08 11:34:51.904] [DEBUG] pomelo - [36m[E:\projects\MyPomeloDemo\MyPomeloServer\game-server\node_modules\pomelo\lib\common\service\sessionService.js] [39msession on [gate-server-1] is closed with session id: 2
[2016-12-08 12:02:04.270] [INFO] pomelo - [32m[E:\projects\MyPomeloDemo\MyPomeloServer\game-server\node_modules\pomelo\lib\application.js] [39mapplication inited: "gate-server-1"
[2016-12-08 12:02:06.526] [INFO] pomelo - [32m[E:\projects\MyPomeloDemo\MyPomeloServer\game-server\node_modules\pomelo\lib\application.js] [39m"gate-server-1" enter after start...
[2016-12-08 12:02:06.589] [INFO] pomelo - [32m[E:\projects\MyPomeloDemo\MyPomeloServer\game-server\node_modules\pomelo\lib\application.js] [39m"gate-server-1" finish start
[2016-12-08 12:02:06.591] [INFO] pomelo - [32m[E:\projects\MyPomeloDemo\MyPomeloServer\game-server\node_modules\pomelo\lib\application.js] [39m"gate-server-1" startup in 1796 ms
[2016-12-08 12:02:33.912] [DEBUG] pomelo - [36m[E:\projects\MyPomeloDemo\MyPomeloServer\game-server\node_modules\pomelo\lib\components\connector.js] [39m[gate-server-1] getSession session is created with session id: 1
[2016-12-08 12:02:33.965] [DEBUG] pomelo - [36m[E:\projects\MyPomeloDemo\MyPomeloServer\game-server\node_modules\pomelo\lib\components\connector.js] [39m[gate-server-1] handleMessage session id: 1, msg: {"id":1,"type":0,"compressRoute":0,"route":"gate.gateHandler.queryEntry","body":{"uid":"hjc"},"compressGzip":0}
[2016-12-08 12:02:33.995] [DEBUG] pomelo - [36m[E:\projects\MyPomeloDemo\MyPomeloServer\game-server\node_modules\pomelo\lib\components\connector.js] [39m[gate-server-1] send message reqId: 1, route: gate.gateHandler.queryEntry, msg: {"code":200,"host":"127.0.0.1","port":3050}, receivers: [1], opts: {"type":"response","userOptions":{},"isResponse":true}
[2016-12-08 12:02:34.018] [DEBUG] pomelo - [36m[E:\projects\MyPomeloDemo\MyPomeloServer\game-server\node_modules\pomelo\lib\common\service\sessionService.js] [39msession on [gate-server-1] is closed with session id: 1
[2016-12-08 12:26:02.982] [INFO] pomelo - [32m[E:\projects\MyPomeloDemo\MyPomeloServer\game-server\node_modules\pomelo\lib\application.js] [39mapplication inited: "gate-server-1"
[2016-12-08 12:26:05.057] [INFO] pomelo - [32m[E:\projects\MyPomeloDemo\MyPomeloServer\game-server\node_modules\pomelo\lib\application.js] [39m"gate-server-1" enter after start...
[2016-12-08 12:26:05.079] [INFO] pomelo - [32m[E:\projects\MyPomeloDemo\MyPomeloServer\game-server\node_modules\pomelo\lib\application.js] [39m"gate-server-1" finish start
[2016-12-08 12:26:05.080] [INFO] pomelo - [32m[E:\projects\MyPomeloDemo\MyPomeloServer\game-server\node_modules\pomelo\lib\application.js] [39m"gate-server-1" startup in 1110 ms
[2016-12-08 12:26:05.159] [DEBUG] pomelo - [36m[E:\projects\MyPomeloDemo\MyPomeloServer\game-server\node_modules\pomelo\lib\modules\monitorwatcher.js] [39m[gate-server-1] receive addServer signal: {"action":"addServer","server":{"main":"E:\\projects\\MyPomeloDemo\\MyPomeloServer\\game-server\\app.js","env":"development","id":"connector-server-1","host":"127.0.0.1","port":4050,"clientPort":3050,"frontend":"true","serverType":"connector","pid":1108}}
[2016-12-08 12:26:43.281] [DEBUG] pomelo - [36m[E:\projects\MyPomeloDemo\MyPomeloServer\game-server\node_modules\pomelo\lib\components\connector.js] [39m[gate-server-1] getSession session is created with session id: 1
[2016-12-08 12:26:43.360] [DEBUG] pomelo - [36m[E:\projects\MyPomeloDemo\MyPomeloServer\game-server\node_modules\pomelo\lib\components\connector.js] [39m[gate-server-1] handleMessage session id: 1, msg: {"id":1,"type":0,"compressRoute":0,"route":"gate.gateHandler.queryEntry","body":{"uid":"hjc"},"compressGzip":0}
[2016-12-08 12:26:43.383] [DEBUG] pomelo - [36m[E:\projects\MyPomeloDemo\MyPomeloServer\game-server\node_modules\pomelo\lib\components\connector.js] [39m[gate-server-1] send message reqId: 1, route: gate.gateHandler.queryEntry, msg: {"code":200,"host":"127.0.0.1","port":3050}, receivers: [1], opts: {"type":"response","userOptions":{},"isResponse":true}
[2016-12-08 12:26:43.398] [DEBUG] pomelo - [36m[E:\projects\MyPomeloDemo\MyPomeloServer\game-server\node_modules\pomelo\lib\common\service\sessionService.js] [39msession on [gate-server-1] is closed with session id: 1
[2016-12-08 13:59:08.480] [DEBUG] pomelo - [36m[E:\projects\MyPomeloDemo\MyPomeloServer\game-server\node_modules\pomelo\lib\components\connector.js] [39m[gate-server-1] getSession session is created with session id: 2
[2016-12-08 13:59:08.558] [DEBUG] pomelo - [36m[E:\projects\MyPomeloDemo\MyPomeloServer\game-server\node_modules\pomelo\lib\components\connector.js] [39m[gate-server-1] handleMessage session id: 2, msg: {"id":1,"type":0,"compressRoute":0,"route":"gate.gateHandler.queryEntry","body":{"uid":"hjc2"},"compressGzip":0}
[2016-12-08 13:59:08.567] [DEBUG] pomelo - [36m[E:\projects\MyPomeloDemo\MyPomeloServer\game-server\node_modules\pomelo\lib\components\connector.js] [39m[gate-server-1] send message reqId: 1, route: gate.gateHandler.queryEntry, msg: {"code":200,"host":"127.0.0.1","port":3050}, receivers: [2], opts: {"type":"response","userOptions":{},"isResponse":true}
[2016-12-08 13:59:08.623] [DEBUG] pomelo - [36m[E:\projects\MyPomeloDemo\MyPomeloServer\game-server\node_modules\pomelo\lib\common\service\sessionService.js] [39msession on [gate-server-1] is closed with session id: 2
[2016-12-08 14:00:02.241] [DEBUG] pomelo - [36m[E:\projects\MyPomeloDemo\MyPomeloServer\game-server\node_modules\pomelo\lib\components\connector.js] [39m[gate-server-1] getSession session is created with session id: 3
[2016-12-08 14:00:02.305] [DEBUG] pomelo - [36m[E:\projects\MyPomeloDemo\MyPomeloServer\game-server\node_modules\pomelo\lib\components\connector.js] [39m[gate-server-1] handleMessage session id: 3, msg: {"id":1,"type":0,"compressRoute":0,"route":"gate.gateHandler.queryEntry","body":{"uid":"hjc3"},"compressGzip":0}
[2016-12-08 14:00:02.305] [DEBUG] pomelo - [36m[E:\projects\MyPomeloDemo\MyPomeloServer\game-server\node_modules\pomelo\lib\components\connector.js] [39m[gate-server-1] send message reqId: 1, route: gate.gateHandler.queryEntry, msg: {"code":200,"host":"127.0.0.1","port":3050}, receivers: [3], opts: {"type":"response","userOptions":{},"isResponse":true}
[2016-12-08 14:00:02.326] [DEBUG] pomelo - [36m[E:\projects\MyPomeloDemo\MyPomeloServer\game-server\node_modules\pomelo\lib\common\service\sessionService.js] [39msession on [gate-server-1] is closed with session id: 3
[2016-12-08 14:01:34.852] [DEBUG] pomelo - [36m[E:\projects\MyPomeloDemo\MyPomeloServer\game-server\node_modules\pomelo\lib\components\connector.js] [39m[gate-server-1] getSession session is created with session id: 4
[2016-12-08 14:01:34.873] [DEBUG] pomelo - [36m[E:\projects\MyPomeloDemo\MyPomeloServer\game-server\node_modules\pomelo\lib\components\connector.js] [39m[gate-server-1] handleMessage session id: 4, msg: {"id":1,"type":0,"compressRoute":0,"route":"gate.gateHandler.queryEntry","body":{"uid":"hjc4"},"compressGzip":0}
[2016-12-08 14:01:34.874] [DEBUG] pomelo - [36m[E:\projects\MyPomeloDemo\MyPomeloServer\game-server\node_modules\pomelo\lib\components\connector.js] [39m[gate-server-1] send message reqId: 1, route: gate.gateHandler.queryEntry, msg: {"code":200,"host":"127.0.0.1","port":3050}, receivers: [4], opts: {"type":"response","userOptions":{},"isResponse":true}
[2016-12-08 14:01:34.913] [DEBUG] pomelo - [36m[E:\projects\MyPomeloDemo\MyPomeloServer\game-server\node_modules\pomelo\lib\common\service\sessionService.js] [39msession on [gate-server-1] is closed with session id: 4
[2016-12-08 14:19:35.589] [INFO] pomelo - [32m[E:\projects\MyPomeloDemo\MyPomeloServer\game-server\node_modules\pomelo\lib\application.js] [39mapplication inited: "gate-server-1"
[2016-12-08 14:19:37.056] [INFO] pomelo - [32m[E:\projects\MyPomeloDemo\MyPomeloServer\game-server\node_modules\pomelo\lib\application.js] [39m"gate-server-1" enter after start...
[2016-12-08 14:19:37.117] [INFO] pomelo - [32m[E:\projects\MyPomeloDemo\MyPomeloServer\game-server\node_modules\pomelo\lib\application.js] [39m"gate-server-1" finish start
[2016-12-08 14:19:37.119] [INFO] pomelo - [32m[E:\projects\MyPomeloDemo\MyPomeloServer\game-server\node_modules\pomelo\lib\application.js] [39m"gate-server-1" startup in 947 ms
[2016-12-08 14:19:37.124] [DEBUG] pomelo - [36m[E:\projects\MyPomeloDemo\MyPomeloServer\game-server\node_modules\pomelo\lib\modules\monitorwatcher.js] [39m[gate-server-1] receive addServer signal: {"action":"addServer","server":{"main":"E:\\projects\\MyPomeloDemo\\MyPomeloServer\\game-server\\app.js","env":"development","id":"scene-server-1","host":"127.0.0.1","port":6050,"serverType":"scene","pid":7916}}
[2016-12-08 14:19:58.631] [DEBUG] pomelo - [36m[E:\projects\MyPomeloDemo\MyPomeloServer\game-server\node_modules\pomelo\lib\components\connector.js] [39m[gate-server-1] getSession session is created with session id: 1
[2016-12-08 14:19:58.927] [DEBUG] pomelo - [36m[E:\projects\MyPomeloDemo\MyPomeloServer\game-server\node_modules\pomelo\lib\components\connector.js] [39m[gate-server-1] handleMessage session id: 1, msg: {"id":1,"type":0,"compressRoute":0,"route":"gate.gateHandler.queryEntry","body":{"uid":"hjc"},"compressGzip":0}
[2016-12-08 14:19:58.952] [DEBUG] pomelo - [36m[E:\projects\MyPomeloDemo\MyPomeloServer\game-server\node_modules\pomelo\lib\components\connector.js] [39m[gate-server-1] send message reqId: 1, route: gate.gateHandler.queryEntry, msg: {"code":200,"host":"127.0.0.1","port":3050}, receivers: [1], opts: {"type":"response","userOptions":{},"isResponse":true}
[2016-12-08 14:19:58.980] [DEBUG] pomelo - [36m[E:\projects\MyPomeloDemo\MyPomeloServer\game-server\node_modules\pomelo\lib\common\service\sessionService.js] [39msession on [gate-server-1] is closed with session id: 1
[2016-12-08 14:27:03.045] [INFO] pomelo - [32m[E:\projects\MyPomeloDemo\MyPomeloServer\game-server\node_modules\pomelo\lib\application.js] [39mapplication inited: "gate-server-1"
[2016-12-08 14:27:04.069] [INFO] pomelo - [32m[E:\projects\MyPomeloDemo\MyPomeloServer\game-server\node_modules\pomelo\lib\application.js] [39m"gate-server-1" enter after start...
[2016-12-08 14:27:04.087] [INFO] pomelo - [32m[E:\projects\MyPomeloDemo\MyPomeloServer\game-server\node_modules\pomelo\lib\application.js] [39m"gate-server-1" finish start
[2016-12-08 14:27:04.088] [INFO] pomelo - [32m[E:\projects\MyPomeloDemo\MyPomeloServer\game-server\node_modules\pomelo\lib\application.js] [39m"gate-server-1" startup in 798 ms
[2016-12-08 14:27:34.852] [DEBUG] pomelo - [36m[E:\projects\MyPomeloDemo\MyPomeloServer\game-server\node_modules\pomelo\lib\components\connector.js] [39m[gate-server-1] getSession session is created with session id: 1
[2016-12-08 14:27:34.882] [DEBUG] pomelo - [36m[E:\projects\MyPomeloDemo\MyPomeloServer\game-server\node_modules\pomelo\lib\components\connector.js] [39m[gate-server-1] handleMessage session id: 1, msg: {"id":1,"type":0,"compressRoute":0,"route":"gate.gateHandler.queryEntry","body":{"uid":"hjc"},"compressGzip":0}
[2016-12-08 14:27:34.888] [DEBUG] pomelo - [36m[E:\projects\MyPomeloDemo\MyPomeloServer\game-server\node_modules\pomelo\lib\components\connector.js] [39m[gate-server-1] send message reqId: 1, route: gate.gateHandler.queryEntry, msg: {"code":200,"host":"127.0.0.1","port":3050}, receivers: [1], opts: {"type":"response","userOptions":{},"isResponse":true}
[2016-12-08 14:27:34.910] [DEBUG] pomelo - [36m[E:\projects\MyPomeloDemo\MyPomeloServer\game-server\node_modules\pomelo\lib\common\service\sessionService.js] [39msession on [gate-server-1] is closed with session id: 1
[2016-12-08 14:28:25.014] [INFO] pomelo - [32m[E:\projects\MyPomeloDemo\MyPomeloServer\game-server\node_modules\pomelo\lib\application.js] [39mapplication inited: "gate-server-1"
[2016-12-08 14:28:26.552] [INFO] pomelo - [32m[E:\projects\MyPomeloDemo\MyPomeloServer\game-server\node_modules\pomelo\lib\application.js] [39m"gate-server-1" enter after start...
[2016-12-08 14:28:26.570] [INFO] pomelo - [32m[E:\projects\MyPomeloDemo\MyPomeloServer\game-server\node_modules\pomelo\lib\application.js] [39m"gate-server-1" finish start
[2016-12-08 14:28:26.571] [INFO] pomelo - [32m[E:\projects\MyPomeloDemo\MyPomeloServer\game-server\node_modules\pomelo\lib\application.js] [39m"gate-server-1" startup in 1117 ms
[2016-12-08 14:29:16.902] [DEBUG] pomelo - [36m[E:\projects\MyPomeloDemo\MyPomeloServer\game-server\node_modules\pomelo\lib\components\connector.js] [39m[gate-server-1] getSession session is created with session id: 1
[2016-12-08 14:29:16.916] [DEBUG] pomelo - [36m[E:\projects\MyPomeloDemo\MyPomeloServer\game-server\node_modules\pomelo\lib\components\connector.js] [39m[gate-server-1] handleMessage session id: 1, msg: {"id":1,"type":0,"compressRoute":0,"route":"gate.gateHandler.queryEntry","body":{"uid":"hjc"},"compressGzip":0}
[2016-12-08 14:29:16.920] [DEBUG] pomelo - [36m[E:\projects\MyPomeloDemo\MyPomeloServer\game-server\node_modules\pomelo\lib\components\connector.js] [39m[gate-server-1] send message reqId: 1, route: gate.gateHandler.queryEntry, msg: {"code":200,"host":"127.0.0.1","port":3050}, receivers: [1], opts: {"type":"response","userOptions":{},"isResponse":true}
[2016-12-08 14:29:16.937] [DEBUG] pomelo - [36m[E:\projects\MyPomeloDemo\MyPomeloServer\game-server\node_modules\pomelo\lib\common\service\sessionService.js] [39msession on [gate-server-1] is closed with session id: 1
[2016-12-08 14:30:24.564] [DEBUG] pomelo - [36m[E:\projects\MyPomeloDemo\MyPomeloServer\game-server\node_modules\pomelo\lib\components\connector.js] [39m[gate-server-1] getSession session is created with session id: 2
[2016-12-08 14:30:24.576] [DEBUG] pomelo - [36m[E:\projects\MyPomeloDemo\MyPomeloServer\game-server\node_modules\pomelo\lib\components\connector.js] [39m[gate-server-1] handleMessage session id: 2, msg: {"id":1,"type":0,"compressRoute":0,"route":"gate.gateHandler.queryEntry","body":{"uid":"hjc2"},"compressGzip":0}
[2016-12-08 14:30:24.576] [DEBUG] pomelo - [36m[E:\projects\MyPomeloDemo\MyPomeloServer\game-server\node_modules\pomelo\lib\components\connector.js] [39m[gate-server-1] send message reqId: 1, route: gate.gateHandler.queryEntry, msg: {"code":200,"host":"127.0.0.1","port":3050}, receivers: [2], opts: {"type":"response","userOptions":{},"isResponse":true}
[2016-12-08 14:30:24.593] [DEBUG] pomelo - [36m[E:\projects\MyPomeloDemo\MyPomeloServer\game-server\node_modules\pomelo\lib\common\service\sessionService.js] [39msession on [gate-server-1] is closed with session id: 2
[2016-12-08 14:36:00.280] [INFO] pomelo - [32m[E:\projects\MyPomeloDemo\MyPomeloServer\game-server\node_modules\pomelo\lib\application.js] [39mapplication inited: "gate-server-1"
[2016-12-08 14:36:02.223] [INFO] pomelo - [32m[E:\projects\MyPomeloDemo\MyPomeloServer\game-server\node_modules\pomelo\lib\application.js] [39m"gate-server-1" enter after start...
[2016-12-08 14:36:02.233] [INFO] pomelo - [32m[E:\projects\MyPomeloDemo\MyPomeloServer\game-server\node_modules\pomelo\lib\application.js] [39m"gate-server-1" finish start
[2016-12-08 14:36:02.233] [INFO] pomelo - [32m[E:\projects\MyPomeloDemo\MyPomeloServer\game-server\node_modules\pomelo\lib\application.js] [39m"gate-server-1" startup in 1420 ms
[2016-12-08 14:36:02.235] [DEBUG] pomelo - [36m[E:\projects\MyPomeloDemo\MyPomeloServer\game-server\node_modules\pomelo\lib\modules\monitorwatcher.js] [39m[gate-server-1] receive addServer signal: {"action":"addServer","server":{"main":"E:\\projects\\MyPomeloDemo\\MyPomeloServer\\game-server\\app.js","env":"development","id":"connector-server-1","host":"127.0.0.1","port":4050,"clientPort":3050,"frontend":"true","serverType":"connector","pid":1260}}
[2016-12-08 14:36:14.679] [DEBUG] pomelo - [36m[E:\projects\MyPomeloDemo\MyPomeloServer\game-server\node_modules\pomelo\lib\components\connector.js] [39m[gate-server-1] getSession session is created with session id: 1
[2016-12-08 14:36:14.697] [DEBUG] pomelo - [36m[E:\projects\MyPomeloDemo\MyPomeloServer\game-server\node_modules\pomelo\lib\components\connector.js] [39m[gate-server-1] handleMessage session id: 1, msg: {"id":1,"type":0,"compressRoute":0,"route":"gate.gateHandler.queryEntry","body":{"uid":"hjc"},"compressGzip":0}
[2016-12-08 14:36:14.704] [DEBUG] pomelo - [36m[E:\projects\MyPomeloDemo\MyPomeloServer\game-server\node_modules\pomelo\lib\components\connector.js] [39m[gate-server-1] send message reqId: 1, route: gate.gateHandler.queryEntry, msg: {"code":200,"host":"127.0.0.1","port":3050}, receivers: [1], opts: {"type":"response","userOptions":{},"isResponse":true}
[2016-12-08 14:36:14.728] [DEBUG] pomelo - [36m[E:\projects\MyPomeloDemo\MyPomeloServer\game-server\node_modules\pomelo\lib\common\service\sessionService.js] [39msession on [gate-server-1] is closed with session id: 1
[2016-12-08 14:58:24.172] [INFO] pomelo - [32m[E:\projects\MyPomeloDemo\MyPomeloServer\game-server\node_modules\pomelo\lib\application.js] [39mapplication inited: "gate-server-1"
[2016-12-08 14:58:25.024] [INFO] pomelo - [32m[E:\projects\MyPomeloDemo\MyPomeloServer\game-server\node_modules\pomelo\lib\application.js] [39m"gate-server-1" enter after start...
[2016-12-08 14:58:25.031] [INFO] pomelo - [32m[E:\projects\MyPomeloDemo\MyPomeloServer\game-server\node_modules\pomelo\lib\application.js] [39m"gate-server-1" finish start
[2016-12-08 14:58:25.031] [INFO] pomelo - [32m[E:\projects\MyPomeloDemo\MyPomeloServer\game-server\node_modules\pomelo\lib\application.js] [39m"gate-server-1" startup in 648 ms
[2016-12-08 14:58:42.486] [DEBUG] pomelo - [36m[E:\projects\MyPomeloDemo\MyPomeloServer\game-server\node_modules\pomelo\lib\components\connector.js] [39m[gate-server-1] getSession session is created with session id: 1
[2016-12-08 14:58:42.516] [DEBUG] pomelo - [36m[E:\projects\MyPomeloDemo\MyPomeloServer\game-server\node_modules\pomelo\lib\components\connector.js] [39m[gate-server-1] handleMessage session id: 1, msg: {"id":1,"type":0,"compressRoute":0,"route":"gate.gateHandler.queryEntry","body":{"uid":"hjc1"},"compressGzip":0}
[2016-12-08 14:58:42.538] [DEBUG] pomelo - [36m[E:\projects\MyPomeloDemo\MyPomeloServer\game-server\node_modules\pomelo\lib\components\connector.js] [39m[gate-server-1] send message reqId: 1, route: gate.gateHandler.queryEntry, msg: {"code":200,"host":"127.0.0.1","port":3050}, receivers: [1], opts: {"type":"response","userOptions":{},"isResponse":true}
[2016-12-08 14:58:42.552] [DEBUG] pomelo - [36m[E:\projects\MyPomeloDemo\MyPomeloServer\game-server\node_modules\pomelo\lib\common\service\sessionService.js] [39msession on [gate-server-1] is closed with session id: 1
[2016-12-08 14:58:48.387] [DEBUG] pomelo - [36m[E:\projects\MyPomeloDemo\MyPomeloServer\game-server\node_modules\pomelo\lib\components\connector.js] [39m[gate-server-1] getSession session is created with session id: 2
[2016-12-08 14:58:48.404] [DEBUG] pomelo - [36m[E:\projects\MyPomeloDemo\MyPomeloServer\game-server\node_modules\pomelo\lib\components\connector.js] [39m[gate-server-1] handleMessage session id: 2, msg: {"id":1,"type":0,"compressRoute":0,"route":"gate.gateHandler.queryEntry","body":{"uid":"hjc2"},"compressGzip":0}
[2016-12-08 14:58:48.405] [DEBUG] pomelo - [36m[E:\projects\MyPomeloDemo\MyPomeloServer\game-server\node_modules\pomelo\lib\components\connector.js] [39m[gate-server-1] send message reqId: 1, route: gate.gateHandler.queryEntry, msg: {"code":200,"host":"127.0.0.1","port":3050}, receivers: [2], opts: {"type":"response","userOptions":{},"isResponse":true}
[2016-12-08 14:58:48.412] [DEBUG] pomelo - [36m[E:\projects\MyPomeloDemo\MyPomeloServer\game-server\node_modules\pomelo\lib\common\service\sessionService.js] [39msession on [gate-server-1] is closed with session id: 2
[2016-12-08 15:02:47.747] [INFO] pomelo - [32m[E:\projects\MyPomeloDemo\MyPomeloServer\game-server\node_modules\pomelo\lib\application.js] [39mapplication inited: "gate-server-1"
[2016-12-08 15:02:48.781] [INFO] pomelo - [32m[E:\projects\MyPomeloDemo\MyPomeloServer\game-server\node_modules\pomelo\lib\application.js] [39m"gate-server-1" enter after start...
[2016-12-08 15:02:48.798] [INFO] pomelo - [32m[E:\projects\MyPomeloDemo\MyPomeloServer\game-server\node_modules\pomelo\lib\application.js] [39m"gate-server-1" finish start
[2016-12-08 15:02:48.798] [INFO] pomelo - [32m[E:\projects\MyPomeloDemo\MyPomeloServer\game-server\node_modules\pomelo\lib\application.js] [39m"gate-server-1" startup in 751 ms
[2016-12-08 15:02:48.831] [DEBUG] pomelo - [36m[E:\projects\MyPomeloDemo\MyPomeloServer\game-server\node_modules\pomelo\lib\modules\monitorwatcher.js] [39m[gate-server-1] receive addServer signal: {"action":"addServer","server":{"main":"E:\\projects\\MyPomeloDemo\\MyPomeloServer\\game-server\\app.js","env":"development","id":"connector-server-1","host":"127.0.0.1","port":4050,"clientPort":3050,"frontend":"true","serverType":"connector","pid":2764}}
[2016-12-08 15:02:55.315] [DEBUG] pomelo - [36m[E:\projects\MyPomeloDemo\MyPomeloServer\game-server\node_modules\pomelo\lib\components\connector.js] [39m[gate-server-1] getSession session is created with session id: 1
[2016-12-08 15:02:55.334] [DEBUG] pomelo - [36m[E:\projects\MyPomeloDemo\MyPomeloServer\game-server\node_modules\pomelo\lib\components\connector.js] [39m[gate-server-1] handleMessage session id: 1, msg: {"id":1,"type":0,"compressRoute":0,"route":"gate.gateHandler.queryEntry","body":{"uid":"hjc"},"compressGzip":0}
[2016-12-08 15:02:55.345] [DEBUG] pomelo - [36m[E:\projects\MyPomeloDemo\MyPomeloServer\game-server\node_modules\pomelo\lib\components\connector.js] [39m[gate-server-1] send message reqId: 1, route: gate.gateHandler.queryEntry, msg: {"code":200,"host":"127.0.0.1","port":3050}, receivers: [1], opts: {"type":"response","userOptions":{},"isResponse":true}
[2016-12-08 15:02:55.356] [DEBUG] pomelo - [36m[E:\projects\MyPomeloDemo\MyPomeloServer\game-server\node_modules\pomelo\lib\common\service\sessionService.js] [39msession on [gate-server-1] is closed with session id: 1
[2016-12-08 15:52:32.192] [DEBUG] pomelo - [36m[E:\projects\MyPomeloDemo\MyPomeloServer\game-server\node_modules\pomelo\lib\components\connector.js] [39m[gate-server-1] getSession session is created with session id: 2
[2016-12-08 15:52:32.224] [DEBUG] pomelo - [36m[E:\projects\MyPomeloDemo\MyPomeloServer\game-server\node_modules\pomelo\lib\components\connector.js] [39m[gate-server-1] handleMessage session id: 2, msg: {"id":1,"type":0,"compressRoute":0,"route":"gate.gateHandler.queryEntry","body":{"uid":"hjc"},"compressGzip":0}
[2016-12-08 15:52:32.245] [DEBUG] pomelo - [36m[E:\projects\MyPomeloDemo\MyPomeloServer\game-server\node_modules\pomelo\lib\components\connector.js] [39m[gate-server-1] send message reqId: 1, route: gate.gateHandler.queryEntry, msg: {"code":200,"host":"127.0.0.1","port":3050}, receivers: [2], opts: {"type":"response","userOptions":{},"isResponse":true}
[2016-12-08 15:52:32.263] [DEBUG] pomelo - [36m[E:\projects\MyPomeloDemo\MyPomeloServer\game-server\node_modules\pomelo\lib\common\service\sessionService.js] [39msession on [gate-server-1] is closed with session id: 2
[2016-12-08 15:59:40.461] [INFO] pomelo - [32m[E:\projects\MyPomeloDemo\MyPomeloServer\game-server\node_modules\pomelo\lib\application.js] [39mapplication inited: "gate-server-1"
[2016-12-08 15:59:41.671] [INFO] pomelo - [32m[E:\projects\MyPomeloDemo\MyPomeloServer\game-server\node_modules\pomelo\lib\application.js] [39m"gate-server-1" enter after start...
[2016-12-08 15:59:41.682] [INFO] pomelo - [32m[E:\projects\MyPomeloDemo\MyPomeloServer\game-server\node_modules\pomelo\lib\application.js] [39m"gate-server-1" finish start
[2016-12-08 15:59:41.683] [INFO] pomelo - [32m[E:\projects\MyPomeloDemo\MyPomeloServer\game-server\node_modules\pomelo\lib\application.js] [39m"gate-server-1" startup in 903 ms
[2016-12-08 15:59:55.693] [DEBUG] pomelo - [36m[E:\projects\MyPomeloDemo\MyPomeloServer\game-server\node_modules\pomelo\lib\components\connector.js] [39m[gate-server-1] getSession session is created with session id: 1
[2016-12-08 15:59:55.721] [DEBUG] pomelo - [36m[E:\projects\MyPomeloDemo\MyPomeloServer\game-server\node_modules\pomelo\lib\components\connector.js] [39m[gate-server-1] handleMessage session id: 1, msg: {"id":1,"type":0,"compressRoute":0,"route":"gate.gateHandler.queryEntry","body":{"uid":"hjc"},"compressGzip":0}
[2016-12-08 15:59:55.784] [DEBUG] pomelo - [36m[E:\projects\MyPomeloDemo\MyPomeloServer\game-server\node_modules\pomelo\lib\components\connector.js] [39m[gate-server-1] send message reqId: 1, route: gate.gateHandler.queryEntry, msg: {"code":200,"host":"127.0.0.1","port":3050}, receivers: [1], opts: {"type":"response","userOptions":{},"isResponse":true}
[2016-12-08 15:59:55.799] [DEBUG] pomelo - [36m[E:\projects\MyPomeloDemo\MyPomeloServer\game-server\node_modules\pomelo\lib\common\service\sessionService.js] [39msession on [gate-server-1] is closed with session id: 1
[2016-12-08 16:01:48.534] [DEBUG] pomelo - [36m[E:\projects\MyPomeloDemo\MyPomeloServer\game-server\node_modules\pomelo\lib\components\connector.js] [39m[gate-server-1] getSession session is created with session id: 2
[2016-12-08 16:01:48.550] [DEBUG] pomelo - [36m[E:\projects\MyPomeloDemo\MyPomeloServer\game-server\node_modules\pomelo\lib\components\connector.js] [39m[gate-server-1] handleMessage session id: 2, msg: {"id":1,"type":0,"compressRoute":0,"route":"gate.gateHandler.queryEntry","body":{"uid":"hjc"},"compressGzip":0}
[2016-12-08 16:01:48.550] [DEBUG] pomelo - [36m[E:\projects\MyPomeloDemo\MyPomeloServer\game-server\node_modules\pomelo\lib\components\connector.js] [39m[gate-server-1] send message reqId: 1, route: gate.gateHandler.queryEntry, msg: {"code":200,"host":"127.0.0.1","port":3050}, receivers: [2], opts: {"type":"response","userOptions":{},"isResponse":true}
[2016-12-08 16:01:48.571] [DEBUG] pomelo - [36m[E:\projects\MyPomeloDemo\MyPomeloServer\game-server\node_modules\pomelo\lib\common\service\sessionService.js] [39msession on [gate-server-1] is closed with session id: 2
[2016-12-08 16:02:59.705] [DEBUG] pomelo - [36m[E:\projects\MyPomeloDemo\MyPomeloServer\game-server\node_modules\pomelo\lib\components\connector.js] [39m[gate-server-1] getSession session is created with session id: 3
[2016-12-08 16:02:59.720] [DEBUG] pomelo - [36m[E:\projects\MyPomeloDemo\MyPomeloServer\game-server\node_modules\pomelo\lib\components\connector.js] [39m[gate-server-1] handleMessage session id: 3, msg: {"id":1,"type":0,"compressRoute":0,"route":"gate.gateHandler.queryEntry","body":{"uid":"hjc"},"compressGzip":0}
[2016-12-08 16:02:59.721] [DEBUG] pomelo - [36m[E:\projects\MyPomeloDemo\MyPomeloServer\game-server\node_modules\pomelo\lib\components\connector.js] [39m[gate-server-1] send message reqId: 1, route: gate.gateHandler.queryEntry, msg: {"code":200,"host":"127.0.0.1","port":3050}, receivers: [3], opts: {"type":"response","userOptions":{},"isResponse":true}
[2016-12-08 16:02:59.737] [DEBUG] pomelo - [36m[E:\projects\MyPomeloDemo\MyPomeloServer\game-server\node_modules\pomelo\lib\common\service\sessionService.js] [39msession on [gate-server-1] is closed with session id: 3
[2016-12-08 16:03:34.289] [DEBUG] pomelo - [36m[E:\projects\MyPomeloDemo\MyPomeloServer\game-server\node_modules\pomelo\lib\components\connector.js] [39m[gate-server-1] getSession session is created with session id: 4
[2016-12-08 16:03:34.315] [DEBUG] pomelo - [36m[E:\projects\MyPomeloDemo\MyPomeloServer\game-server\node_modules\pomelo\lib\components\connector.js] [39m[gate-server-1] handleMessage session id: 4, msg: {"id":1,"type":0,"compressRoute":0,"route":"gate.gateHandler.queryEntry","body":{"uid":"hjc"},"compressGzip":0}
[2016-12-08 16:03:34.316] [DEBUG] pomelo - [36m[E:\projects\MyPomeloDemo\MyPomeloServer\game-server\node_modules\pomelo\lib\components\connector.js] [39m[gate-server-1] send message reqId: 1, route: gate.gateHandler.queryEntry, msg: {"code":200,"host":"127.0.0.1","port":3050}, receivers: [4], opts: {"type":"response","userOptions":{},"isResponse":true}
[2016-12-08 16:03:34.327] [DEBUG] pomelo - [36m[E:\projects\MyPomeloDemo\MyPomeloServer\game-server\node_modules\pomelo\lib\common\service\sessionService.js] [39msession on [gate-server-1] is closed with session id: 4
[2016-12-08 16:04:37.066] [DEBUG] pomelo - [36m[E:\projects\MyPomeloDemo\MyPomeloServer\game-server\node_modules\pomelo\lib\components\connector.js] [39m[gate-server-1] getSession session is created with session id: 5
[2016-12-08 16:04:37.078] [DEBUG] pomelo - [36m[E:\projects\MyPomeloDemo\MyPomeloServer\game-server\node_modules\pomelo\lib\components\connector.js] [39m[gate-server-1] handleMessage session id: 5, msg: {"id":1,"type":0,"compressRoute":0,"route":"gate.gateHandler.queryEntry","body":{"uid":"hjc"},"compressGzip":0}
[2016-12-08 16:04:37.079] [DEBUG] pomelo - [36m[E:\projects\MyPomeloDemo\MyPomeloServer\game-server\node_modules\pomelo\lib\components\connector.js] [39m[gate-server-1] send message reqId: 1, route: gate.gateHandler.queryEntry, msg: {"code":200,"host":"127.0.0.1","port":3050}, receivers: [5], opts: {"type":"response","userOptions":{},"isResponse":true}
[2016-12-08 16:04:37.091] [DEBUG] pomelo - [36m[E:\projects\MyPomeloDemo\MyPomeloServer\game-server\node_modules\pomelo\lib\common\service\sessionService.js] [39msession on [gate-server-1] is closed with session id: 5
[2016-12-08 16:21:58.995] [INFO] pomelo - [32m[E:\projects\MyPomeloDemo\MyPomeloServer\game-server\node_modules\pomelo\lib\application.js] [39mapplication inited: "gate-server-1"
[2016-12-08 16:22:00.381] [INFO] pomelo - [32m[E:\projects\MyPomeloDemo\MyPomeloServer\game-server\node_modules\pomelo\lib\application.js] [39m"gate-server-1" enter after start...
[2016-12-08 16:22:00.391] [INFO] pomelo - [32m[E:\projects\MyPomeloDemo\MyPomeloServer\game-server\node_modules\pomelo\lib\application.js] [39m"gate-server-1" finish start
[2016-12-08 16:22:00.391] [INFO] pomelo - [32m[E:\projects\MyPomeloDemo\MyPomeloServer\game-server\node_modules\pomelo\lib\application.js] [39m"gate-server-1" startup in 1001 ms
[2016-12-08 16:22:00.428] [DEBUG] pomelo - [36m[E:\projects\MyPomeloDemo\MyPomeloServer\game-server\node_modules\pomelo\lib\modules\monitorwatcher.js] [39m[gate-server-1] receive addServer signal: {"action":"addServer","server":{"main":"E:\\projects\\MyPomeloDemo\\MyPomeloServer\\game-server\\app.js","env":"development","id":"scene-server-1","host":"127.0.0.1","port":6050,"serverType":"scene","pid":7384}}
[2016-12-08 16:22:00.510] [DEBUG] pomelo - [36m[E:\projects\MyPomeloDemo\MyPomeloServer\game-server\node_modules\pomelo\lib\modules\monitorwatcher.js] [39m[gate-server-1] receive addServer signal: {"action":"addServer","server":{"main":"E:\\projects\\MyPomeloDemo\\MyPomeloServer\\game-server\\app.js","env":"development","id":"connector-server-1","host":"127.0.0.1","port":4050,"clientPort":3050,"frontend":"true","serverType":"connector","pid":6220}}
[2016-12-08 16:22:38.567] [DEBUG] pomelo - [36m[E:\projects\MyPomeloDemo\MyPomeloServer\game-server\node_modules\pomelo\lib\components\connector.js] [39m[gate-server-1] getSession session is created with session id: 1
[2016-12-08 16:22:38.585] [DEBUG] pomelo - [36m[E:\projects\MyPomeloDemo\MyPomeloServer\game-server\node_modules\pomelo\lib\components\connector.js] [39m[gate-server-1] handleMessage session id: 1, msg: {"id":1,"type":0,"compressRoute":0,"route":"gate.gateHandler.queryEntry","body":{"uid":"请输入用户名1"},"compressGzip":0}
[2016-12-08 16:22:38.611] [DEBUG] pomelo - [36m[E:\projects\MyPomeloDemo\MyPomeloServer\game-server\node_modules\pomelo\lib\components\connector.js] [39m[gate-server-1] send message reqId: 1, route: gate.gateHandler.queryEntry, msg: {"code":200,"host":"127.0.0.1","port":3050}, receivers: [1], opts: {"type":"response","userOptions":{},"isResponse":true}
[2016-12-08 16:22:38.625] [DEBUG] pomelo - [36m[E:\projects\MyPomeloDemo\MyPomeloServer\game-server\node_modules\pomelo\lib\common\service\sessionService.js] [39msession on [gate-server-1] is closed with session id: 1
[2016-12-08 16:28:18.375] [INFO] pomelo - [32m[E:\projects\MyPomeloDemo\MyPomeloServer\game-server\node_modules\pomelo\lib\application.js] [39mapplication inited: "gate-server-1"
[2016-12-08 16:28:19.276] [INFO] pomelo - [32m[E:\projects\MyPomeloDemo\MyPomeloServer\game-server\node_modules\pomelo\lib\application.js] [39m"gate-server-1" enter after start...
[2016-12-08 16:28:19.287] [INFO] pomelo - [32m[E:\projects\MyPomeloDemo\MyPomeloServer\game-server\node_modules\pomelo\lib\application.js] [39m"gate-server-1" finish start
[2016-12-08 16:28:19.288] [INFO] pomelo - [32m[E:\projects\MyPomeloDemo\MyPomeloServer\game-server\node_modules\pomelo\lib\application.js] [39m"gate-server-1" startup in 681 ms
[2016-12-08 16:28:42.623] [DEBUG] pomelo - [36m[E:\projects\MyPomeloDemo\MyPomeloServer\game-server\node_modules\pomelo\lib\components\connector.js] [39m[gate-server-1] getSession session is created with session id: 1
[2016-12-08 16:28:42.648] [DEBUG] pomelo - [36m[E:\projects\MyPomeloDemo\MyPomeloServer\game-server\node_modules\pomelo\lib\components\connector.js] [39m[gate-server-1] handleMessage session id: 1, msg: {"id":1,"type":0,"compressRoute":0,"route":"gate.gateHandler.queryEntry","body":{"uid":"hjc"},"compressGzip":0}
[2016-12-08 16:28:42.656] [DEBUG] pomelo - [36m[E:\projects\MyPomeloDemo\MyPomeloServer\game-server\node_modules\pomelo\lib\components\connector.js] [39m[gate-server-1] send message reqId: 1, route: gate.gateHandler.queryEntry, msg: {"code":200,"host":"127.0.0.1","port":3050}, receivers: [1], opts: {"type":"response","userOptions":{},"isResponse":true}
[2016-12-08 16:28:42.674] [DEBUG] pomelo - [36m[E:\projects\MyPomeloDemo\MyPomeloServer\game-server\node_modules\pomelo\lib\common\service\sessionService.js] [39msession on [gate-server-1] is closed with session id: 1
[2016-12-08 16:29:59.640] [INFO] pomelo - [32m[E:\projects\MyPomeloDemo\MyPomeloServer\game-server\node_modules\pomelo\lib\application.js] [39mapplication inited: "gate-server-1"
[2016-12-08 16:30:01.126] [INFO] pomelo - [32m[E:\projects\MyPomeloDemo\MyPomeloServer\game-server\node_modules\pomelo\lib\application.js] [39m"gate-server-1" enter after start...
[2016-12-08 16:30:01.159] [INFO] pomelo - [32m[E:\projects\MyPomeloDemo\MyPomeloServer\game-server\node_modules\pomelo\lib\application.js] [39m"gate-server-1" finish start
[2016-12-08 16:30:01.160] [INFO] pomelo - [32m[E:\projects\MyPomeloDemo\MyPomeloServer\game-server\node_modules\pomelo\lib\application.js] [39m"gate-server-1" startup in 1144 ms
[2016-12-08 16:30:07.311] [DEBUG] pomelo - [36m[E:\projects\MyPomeloDemo\MyPomeloServer\game-server\node_modules\pomelo\lib\components\connector.js] [39m[gate-server-1] getSession session is created with session id: 1
[2016-12-08 16:30:07.330] [DEBUG] pomelo - [36m[E:\projects\MyPomeloDemo\MyPomeloServer\game-server\node_modules\pomelo\lib\components\connector.js] [39m[gate-server-1] handleMessage session id: 1, msg: {"id":1,"type":0,"compressRoute":0,"route":"gate.gateHandler.queryEntry","body":{"uid":"hjc"},"compressGzip":0}
[2016-12-08 16:30:07.343] [DEBUG] pomelo - [36m[E:\projects\MyPomeloDemo\MyPomeloServer\game-server\node_modules\pomelo\lib\components\connector.js] [39m[gate-server-1] send message reqId: 1, route: gate.gateHandler.queryEntry, msg: {"code":200,"host":"127.0.0.1","port":3050}, receivers: [1], opts: {"type":"response","userOptions":{},"isResponse":true}
[2016-12-08 16:30:07.364] [DEBUG] pomelo - [36m[E:\projects\MyPomeloDemo\MyPomeloServer\game-server\node_modules\pomelo\lib\common\service\sessionService.js] [39msession on [gate-server-1] is closed with session id: 1
[2016-12-08 16:33:06.194] [INFO] pomelo - [32m[E:\projects\MyPomeloDemo\MyPomeloServer\game-server\node_modules\pomelo\lib\application.js] [39mapplication inited: "gate-server-1"
[2016-12-08 16:33:07.679] [INFO] pomelo - [32m[E:\projects\MyPomeloDemo\MyPomeloServer\game-server\node_modules\pomelo\lib\application.js] [39m"gate-server-1" enter after start...
[2016-12-08 16:33:07.693] [INFO] pomelo - [32m[E:\projects\MyPomeloDemo\MyPomeloServer\game-server\node_modules\pomelo\lib\application.js] [39m"gate-server-1" finish start
[2016-12-08 16:33:07.693] [INFO] pomelo - [32m[E:\projects\MyPomeloDemo\MyPomeloServer\game-server\node_modules\pomelo\lib\application.js] [39m"gate-server-1" startup in 877 ms
[2016-12-08 16:33:14.444] [DEBUG] pomelo - [36m[E:\projects\MyPomeloDemo\MyPomeloServer\game-server\node_modules\pomelo\lib\components\connector.js] [39m[gate-server-1] getSession session is created with session id: 1
[2016-12-08 16:33:14.469] [DEBUG] pomelo - [36m[E:\projects\MyPomeloDemo\MyPomeloServer\game-server\node_modules\pomelo\lib\components\connector.js] [39m[gate-server-1] handleMessage session id: 1, msg: {"id":1,"type":0,"compressRoute":0,"route":"gate.gateHandler.queryEntry","body":{"uid":"hjc"},"compressGzip":0}
[2016-12-08 16:33:14.482] [DEBUG] pomelo - [36m[E:\projects\MyPomeloDemo\MyPomeloServer\game-server\node_modules\pomelo\lib\components\connector.js] [39m[gate-server-1] send message reqId: 1, route: gate.gateHandler.queryEntry, msg: {"code":200,"host":"127.0.0.1","port":3050}, receivers: [1], opts: {"type":"response","userOptions":{},"isResponse":true}
[2016-12-08 16:33:14.496] [DEBUG] pomelo - [36m[E:\projects\MyPomeloDemo\MyPomeloServer\game-server\node_modules\pomelo\lib\common\service\sessionService.js] [39msession on [gate-server-1] is closed with session id: 1
[2016-12-08 16:34:48.964] [INFO] pomelo - [32m[E:\projects\MyPomeloDemo\MyPomeloServer\game-server\node_modules\pomelo\lib\application.js] [39mapplication inited: "gate-server-1"
[2016-12-08 16:34:50.202] [INFO] pomelo - [32m[E:\projects\MyPomeloDemo\MyPomeloServer\game-server\node_modules\pomelo\lib\application.js] [39m"gate-server-1" enter after start...
[2016-12-08 16:34:50.214] [INFO] pomelo - [32m[E:\projects\MyPomeloDemo\MyPomeloServer\game-server\node_modules\pomelo\lib\application.js] [39m"gate-server-1" finish start
[2016-12-08 16:34:50.214] [INFO] pomelo - [32m[E:\projects\MyPomeloDemo\MyPomeloServer\game-server\node_modules\pomelo\lib\application.js] [39m"gate-server-1" startup in 845 ms
[2016-12-08 16:34:56.667] [DEBUG] pomelo - [36m[E:\projects\MyPomeloDemo\MyPomeloServer\game-server\node_modules\pomelo\lib\components\connector.js] [39m[gate-server-1] getSession session is created with session id: 1
[2016-12-08 16:34:56.687] [DEBUG] pomelo - [36m[E:\projects\MyPomeloDemo\MyPomeloServer\game-server\node_modules\pomelo\lib\components\connector.js] [39m[gate-server-1] handleMessage session id: 1, msg: {"id":1,"type":0,"compressRoute":0,"route":"gate.gateHandler.queryEntry","body":{"uid":"hjc"},"compressGzip":0}
[2016-12-08 16:34:56.699] [DEBUG] pomelo - [36m[E:\projects\MyPomeloDemo\MyPomeloServer\game-server\node_modules\pomelo\lib\components\connector.js] [39m[gate-server-1] send message reqId: 1, route: gate.gateHandler.queryEntry, msg: {"code":200,"host":"127.0.0.1","port":3050}, receivers: [1], opts: {"type":"response","userOptions":{},"isResponse":true}
[2016-12-08 16:34:56.717] [DEBUG] pomelo - [36m[E:\projects\MyPomeloDemo\MyPomeloServer\game-server\node_modules\pomelo\lib\common\service\sessionService.js] [39msession on [gate-server-1] is closed with session id: 1
[2016-12-08 16:40:58.575] [INFO] pomelo - [32m[E:\projects\MyPomeloDemo\MyPomeloServer\game-server\node_modules\pomelo\lib\application.js] [39mapplication inited: "gate-server-1"
[2016-12-08 16:40:59.608] [INFO] pomelo - [32m[E:\projects\MyPomeloDemo\MyPomeloServer\game-server\node_modules\pomelo\lib\application.js] [39m"gate-server-1" enter after start...
[2016-12-08 16:40:59.626] [INFO] pomelo - [32m[E:\projects\MyPomeloDemo\MyPomeloServer\game-server\node_modules\pomelo\lib\application.js] [39m"gate-server-1" finish start
[2016-12-08 16:40:59.627] [INFO] pomelo - [32m[E:\projects\MyPomeloDemo\MyPomeloServer\game-server\node_modules\pomelo\lib\application.js] [39m"gate-server-1" startup in 779 ms
[2016-12-08 16:41:10.918] [DEBUG] pomelo - [36m[E:\projects\MyPomeloDemo\MyPomeloServer\game-server\node_modules\pomelo\lib\components\connector.js] [39m[gate-server-1] getSession session is created with session id: 1
[2016-12-08 16:41:10.940] [DEBUG] pomelo - [36m[E:\projects\MyPomeloDemo\MyPomeloServer\game-server\node_modules\pomelo\lib\components\connector.js] [39m[gate-server-1] handleMessage session id: 1, msg: {"id":1,"type":0,"compressRoute":0,"route":"gate.gateHandler.queryEntry","body":{"uid":"hjc"},"compressGzip":0}
[2016-12-08 16:41:10.950] [DEBUG] pomelo - [36m[E:\projects\MyPomeloDemo\MyPomeloServer\game-server\node_modules\pomelo\lib\components\connector.js] [39m[gate-server-1] send message reqId: 1, route: gate.gateHandler.queryEntry, msg: {"code":200,"host":"127.0.0.1","port":3050}, receivers: [1], opts: {"type":"response","userOptions":{},"isResponse":true}
[2016-12-08 16:41:10.961] [DEBUG] pomelo - [36m[E:\projects\MyPomeloDemo\MyPomeloServer\game-server\node_modules\pomelo\lib\common\service\sessionService.js] [39msession on [gate-server-1] is closed with session id: 1
[2016-12-08 16:43:40.062] [INFO] pomelo - [32m[E:\projects\MyPomeloDemo\MyPomeloServer\game-server\node_modules\pomelo\lib\application.js] [39mapplication inited: "gate-server-1"
[2016-12-08 16:43:41.381] [INFO] pomelo - [32m[E:\projects\MyPomeloDemo\MyPomeloServer\game-server\node_modules\pomelo\lib\application.js] [39m"gate-server-1" enter after start...
[2016-12-08 16:43:41.399] [INFO] pomelo - [32m[E:\projects\MyPomeloDemo\MyPomeloServer\game-server\node_modules\pomelo\lib\application.js] [39m"gate-server-1" finish start
[2016-12-08 16:43:41.399] [INFO] pomelo - [32m[E:\projects\MyPomeloDemo\MyPomeloServer\game-server\node_modules\pomelo\lib\application.js] [39m"gate-server-1" startup in 888 ms
[2016-12-08 16:43:46.999] [DEBUG] pomelo - [36m[E:\projects\MyPomeloDemo\MyPomeloServer\game-server\node_modules\pomelo\lib\components\connector.js] [39m[gate-server-1] getSession session is created with session id: 1
[2016-12-08 16:43:47.017] [DEBUG] pomelo - [36m[E:\projects\MyPomeloDemo\MyPomeloServer\game-server\node_modules\pomelo\lib\components\connector.js] [39m[gate-server-1] handleMessage session id: 1, msg: {"id":1,"type":0,"compressRoute":0,"route":"gate.gateHandler.queryEntry","body":{"uid":"1"},"compressGzip":0}
[2016-12-08 16:43:47.030] [DEBUG] pomelo - [36m[E:\projects\MyPomeloDemo\MyPomeloServer\game-server\node_modules\pomelo\lib\components\connector.js] [39m[gate-server-1] send message reqId: 1, route: gate.gateHandler.queryEntry, msg: {"code":200,"host":"127.0.0.1","port":3050}, receivers: [1], opts: {"type":"response","userOptions":{},"isResponse":true}
[2016-12-08 16:43:47.047] [DEBUG] pomelo - [36m[E:\projects\MyPomeloDemo\MyPomeloServer\game-server\node_modules\pomelo\lib\common\service\sessionService.js] [39msession on [gate-server-1] is closed with session id: 1
[2016-12-08 17:14:26.087] [INFO] pomelo - [32m[E:\projects\MyPomeloDemo\MyPomeloServer\game-server\node_modules\pomelo\lib\application.js] [39mapplication inited: "gate-server-1"
[2016-12-08 17:14:27.039] [INFO] pomelo - [32m[E:\projects\MyPomeloDemo\MyPomeloServer\game-server\node_modules\pomelo\lib\application.js] [39m"gate-server-1" enter after start...
[2016-12-08 17:14:27.055] [INFO] pomelo - [32m[E:\projects\MyPomeloDemo\MyPomeloServer\game-server\node_modules\pomelo\lib\application.js] [39m"gate-server-1" finish start
[2016-12-08 17:14:27.055] [INFO] pomelo - [32m[E:\projects\MyPomeloDemo\MyPomeloServer\game-server\node_modules\pomelo\lib\application.js] [39m"gate-server-1" startup in 739 ms
[2016-12-08 17:15:05.466] [DEBUG] pomelo - [36m[E:\projects\MyPomeloDemo\MyPomeloServer\game-server\node_modules\pomelo\lib\components\connector.js] [39m[gate-server-1] getSession session is created with session id: 1
[2016-12-08 17:15:05.484] [DEBUG] pomelo - [36m[E:\projects\MyPomeloDemo\MyPomeloServer\game-server\node_modules\pomelo\lib\components\connector.js] [39m[gate-server-1] handleMessage session id: 1, msg: {"id":1,"type":0,"compressRoute":0,"route":"gate.gateHandler.queryEntry","body":{"uid":"hjc"},"compressGzip":0}
[2016-12-08 17:15:05.512] [DEBUG] pomelo - [36m[E:\projects\MyPomeloDemo\MyPomeloServer\game-server\node_modules\pomelo\lib\components\connector.js] [39m[gate-server-1] send message reqId: 1, route: gate.gateHandler.queryEntry, msg: {"code":200,"host":"127.0.0.1","port":3050}, receivers: [1], opts: {"type":"response","userOptions":{},"isResponse":true}
[2016-12-08 17:15:05.532] [DEBUG] pomelo - [36m[E:\projects\MyPomeloDemo\MyPomeloServer\game-server\node_modules\pomelo\lib\common\service\sessionService.js] [39msession on [gate-server-1] is closed with session id: 1
[2016-12-08 17:24:33.614] [INFO] pomelo - [32m[E:\projects\MyPomeloDemo\MyPomeloServer\game-server\node_modules\pomelo\lib\application.js] [39mapplication inited: "gate-server-1"
[2016-12-08 17:24:35.212] [INFO] pomelo - [32m[E:\projects\MyPomeloDemo\MyPomeloServer\game-server\node_modules\pomelo\lib\application.js] [39m"gate-server-1" enter after start...
[2016-12-08 17:24:35.237] [INFO] pomelo - [32m[E:\projects\MyPomeloDemo\MyPomeloServer\game-server\node_modules\pomelo\lib\application.js] [39m"gate-server-1" finish start
[2016-12-08 17:24:35.237] [INFO] pomelo - [32m[E:\projects\MyPomeloDemo\MyPomeloServer\game-server\node_modules\pomelo\lib\application.js] [39m"gate-server-1" startup in 1244 ms
[2016-12-08 17:24:35.242] [DEBUG] pomelo - [36m[E:\projects\MyPomeloDemo\MyPomeloServer\game-server\node_modules\pomelo\lib\modules\monitorwatcher.js] [39m[gate-server-1] receive addServer signal: {"action":"addServer","server":{"main":"E:\\projects\\MyPomeloDemo\\MyPomeloServer\\game-server\\app.js","env":"development","id":"connector-server-1","host":"127.0.0.1","port":4050,"clientPort":3050,"frontend":"true","serverType":"connector","pid":12600}}
[2016-12-08 17:24:45.632] [DEBUG] pomelo - [36m[E:\projects\MyPomeloDemo\MyPomeloServer\game-server\node_modules\pomelo\lib\components\connector.js] [39m[gate-server-1] getSession session is created with session id: 1
[2016-12-08 17:24:45.663] [DEBUG] pomelo - [36m[E:\projects\MyPomeloDemo\MyPomeloServer\game-server\node_modules\pomelo\lib\components\connector.js] [39m[gate-server-1] handleMessage session id: 1, msg: {"id":1,"type":0,"compressRoute":0,"route":"gate.gateHandler.queryEntry","body":{"uid":"hjc"},"compressGzip":0}
[2016-12-08 17:24:45.676] [DEBUG] pomelo - [36m[E:\projects\MyPomeloDemo\MyPomeloServer\game-server\node_modules\pomelo\lib\components\connector.js] [39m[gate-server-1] send message reqId: 1, route: gate.gateHandler.queryEntry, msg: {"code":200,"host":"127.0.0.1","port":3050}, receivers: [1], opts: {"type":"response","userOptions":{},"isResponse":true}
[2016-12-08 17:24:45.698] [DEBUG] pomelo - [36m[E:\projects\MyPomeloDemo\MyPomeloServer\game-server\node_modules\pomelo\lib\common\service\sessionService.js] [39msession on [gate-server-1] is closed with session id: 1
[2016-12-08 17:26:35.421] [INFO] pomelo - [32m[E:\projects\MyPomeloDemo\MyPomeloServer\game-server\node_modules\pomelo\lib\application.js] [39mapplication inited: "gate-server-1"
[2016-12-08 17:26:36.894] [INFO] pomelo - [32m[E:\projects\MyPomeloDemo\MyPomeloServer\game-server\node_modules\pomelo\lib\application.js] [39m"gate-server-1" enter after start...
[2016-12-08 17:26:36.932] [INFO] pomelo - [32m[E:\projects\MyPomeloDemo\MyPomeloServer\game-server\node_modules\pomelo\lib\application.js] [39m"gate-server-1" finish start
[2016-12-08 17:26:36.933] [INFO] pomelo - [32m[E:\projects\MyPomeloDemo\MyPomeloServer\game-server\node_modules\pomelo\lib\application.js] [39m"gate-server-1" startup in 1039 ms
[2016-12-08 17:26:47.021] [DEBUG] pomelo - [36m[E:\projects\MyPomeloDemo\MyPomeloServer\game-server\node_modules\pomelo\lib\components\connector.js] [39m[gate-server-1] getSession session is created with session id: 1
[2016-12-08 17:26:48.439] [DEBUG] pomelo - [36m[E:\projects\MyPomeloDemo\MyPomeloServer\game-server\node_modules\pomelo\lib\components\connector.js] [39m[gate-server-1] handleMessage session id: 1, msg: {"id":1,"type":0,"compressRoute":0,"route":"gate.gateHandler.queryEntry","body":{"uid":"111"},"compressGzip":0}
[2016-12-08 17:26:48.620] [DEBUG] pomelo - [36m[E:\projects\MyPomeloDemo\MyPomeloServer\game-server\node_modules\pomelo\lib\components\connector.js] [39m[gate-server-1] send message reqId: 1, route: gate.gateHandler.queryEntry, msg: {"code":200,"host":"127.0.0.1","port":3050}, receivers: [1], opts: {"type":"response","userOptions":{},"isResponse":true}
[2016-12-08 17:26:48.632] [DEBUG] pomelo - [36m[E:\projects\MyPomeloDemo\MyPomeloServer\game-server\node_modules\pomelo\lib\common\service\sessionService.js] [39msession on [gate-server-1] is closed with session id: 1
[2016-12-08 17:27:35.627] [DEBUG] pomelo - [36m[E:\projects\MyPomeloDemo\MyPomeloServer\game-server\node_modules\pomelo\lib\components\connector.js] [39m[gate-server-1] getSession session is created with session id: 2
[2016-12-08 17:27:35.644] [DEBUG] pomelo - [36m[E:\projects\MyPomeloDemo\MyPomeloServer\game-server\node_modules\pomelo\lib\components\connector.js] [39m[gate-server-1] handleMessage session id: 2, msg: {"id":1,"type":0,"compressRoute":0,"route":"gate.gateHandler.queryEntry","body":{"uid":"hjc"},"compressGzip":0}
[2016-12-08 17:27:35.645] [DEBUG] pomelo - [36m[E:\projects\MyPomeloDemo\MyPomeloServer\game-server\node_modules\pomelo\lib\components\connector.js] [39m[gate-server-1] send message reqId: 1, route: gate.gateHandler.queryEntry, msg: {"code":200,"host":"127.0.0.1","port":3050}, receivers: [2], opts: {"type":"response","userOptions":{},"isResponse":true}
[2016-12-08 17:27:35.654] [DEBUG] pomelo - [36m[E:\projects\MyPomeloDemo\MyPomeloServer\game-server\node_modules\pomelo\lib\common\service\sessionService.js] [39msession on [gate-server-1] is closed with session id: 2
[2016-12-08 17:27:58.542] [DEBUG] pomelo - [36m[E:\projects\MyPomeloDemo\MyPomeloServer\game-server\node_modules\pomelo\lib\components\connector.js] [39m[gate-server-1] getSession session is created with session id: 3
[2016-12-08 17:27:58.559] [DEBUG] pomelo - [36m[E:\projects\MyPomeloDemo\MyPomeloServer\game-server\node_modules\pomelo\lib\components\connector.js] [39m[gate-server-1] handleMessage session id: 3, msg: {"id":1,"type":0,"compressRoute":0,"route":"gate.gateHandler.queryEntry","body":{"uid":"hjc1"},"compressGzip":0}
[2016-12-08 17:27:58.560] [DEBUG] pomelo - [36m[E:\projects\MyPomeloDemo\MyPomeloServer\game-server\node_modules\pomelo\lib\components\connector.js] [39m[gate-server-1] send message reqId: 1, route: gate.gateHandler.queryEntry, msg: {"code":200,"host":"127.0.0.1","port":3050}, receivers: [3], opts: {"type":"response","userOptions":{},"isResponse":true}
[2016-12-08 17:27:58.573] [DEBUG] pomelo - [36m[E:\projects\MyPomeloDemo\MyPomeloServer\game-server\node_modules\pomelo\lib\common\service\sessionService.js] [39msession on [gate-server-1] is closed with session id: 3
[2016-12-08 17:28:41.210] [DEBUG] pomelo - [36m[E:\projects\MyPomeloDemo\MyPomeloServer\game-server\node_modules\pomelo\lib\components\connector.js] [39m[gate-server-1] getSession session is created with session id: 4
[2016-12-08 17:28:41.223] [DEBUG] pomelo - [36m[E:\projects\MyPomeloDemo\MyPomeloServer\game-server\node_modules\pomelo\lib\components\connector.js] [39m[gate-server-1] handleMessage session id: 4, msg: {"id":1,"type":0,"compressRoute":0,"route":"gate.gateHandler.queryEntry","body":{"uid":"hjc"},"compressGzip":0}
[2016-12-08 17:28:41.225] [DEBUG] pomelo - [36m[E:\projects\MyPomeloDemo\MyPomeloServer\game-server\node_modules\pomelo\lib\components\connector.js] [39m[gate-server-1] send message reqId: 1, route: gate.gateHandler.queryEntry, msg: {"code":200,"host":"127.0.0.1","port":3050}, receivers: [4], opts: {"type":"response","userOptions":{},"isResponse":true}
[2016-12-08 17:28:41.247] [DEBUG] pomelo - [36m[E:\projects\MyPomeloDemo\MyPomeloServer\game-server\node_modules\pomelo\lib\common\service\sessionService.js] [39msession on [gate-server-1] is closed with session id: 4
[2016-12-08 17:29:59.171] [DEBUG] pomelo - [36m[E:\projects\MyPomeloDemo\MyPomeloServer\game-server\node_modules\pomelo\lib\components\connector.js] [39m[gate-server-1] getSession session is created with session id: 5
[2016-12-08 17:29:59.196] [DEBUG] pomelo - [36m[E:\projects\MyPomeloDemo\MyPomeloServer\game-server\node_modules\pomelo\lib\components\connector.js] [39m[gate-server-1] handleMessage session id: 5, msg: {"id":1,"type":0,"compressRoute":0,"route":"gate.gateHandler.queryEntry","body":{"uid":"hjc"},"compressGzip":0}
[2016-12-08 17:29:59.197] [DEBUG] pomelo - [36m[E:\projects\MyPomeloDemo\MyPomeloServer\game-server\node_modules\pomelo\lib\components\connector.js] [39m[gate-server-1] send message reqId: 1, route: gate.gateHandler.queryEntry, msg: {"code":200,"host":"127.0.0.1","port":3050}, receivers: [5], opts: {"type":"response","userOptions":{},"isResponse":true}
[2016-12-08 17:29:59.204] [DEBUG] pomelo - [36m[E:\projects\MyPomeloDemo\MyPomeloServer\game-server\node_modules\pomelo\lib\common\service\sessionService.js] [39msession on [gate-server-1] is closed with session id: 5
[2016-12-08 17:30:58.248] [INFO] pomelo - [32m[E:\projects\MyPomeloDemo\MyPomeloServer\game-server\node_modules\pomelo\lib\application.js] [39mapplication inited: "gate-server-1"
[2016-12-08 17:31:00.181] [INFO] pomelo - [32m[E:\projects\MyPomeloDemo\MyPomeloServer\game-server\node_modules\pomelo\lib\application.js] [39m"gate-server-1" enter after start...
[2016-12-08 17:31:00.226] [INFO] pomelo - [32m[E:\projects\MyPomeloDemo\MyPomeloServer\game-server\node_modules\pomelo\lib\application.js] [39m"gate-server-1" finish start
[2016-12-08 17:31:00.226] [INFO] pomelo - [32m[E:\projects\MyPomeloDemo\MyPomeloServer\game-server\node_modules\pomelo\lib\application.js] [39m"gate-server-1" startup in 1279 ms
[2016-12-08 17:31:10.704] [DEBUG] pomelo - [36m[E:\projects\MyPomeloDemo\MyPomeloServer\game-server\node_modules\pomelo\lib\components\connector.js] [39m[gate-server-1] getSession session is created with session id: 1
[2016-12-08 17:31:10.736] [DEBUG] pomelo - [36m[E:\projects\MyPomeloDemo\MyPomeloServer\game-server\node_modules\pomelo\lib\components\connector.js] [39m[gate-server-1] handleMessage session id: 1, msg: {"id":1,"type":0,"compressRoute":0,"route":"gate.gateHandler.queryEntry","body":{"uid":"hjc"},"compressGzip":0}
[2016-12-08 17:31:10.747] [DEBUG] pomelo - [36m[E:\projects\MyPomeloDemo\MyPomeloServer\game-server\node_modules\pomelo\lib\components\connector.js] [39m[gate-server-1] send message reqId: 1, route: gate.gateHandler.queryEntry, msg: {"code":200,"host":"127.0.0.1","port":3050}, receivers: [1], opts: {"type":"response","userOptions":{},"isResponse":true}
[2016-12-08 17:31:10.764] [DEBUG] pomelo - [36m[E:\projects\MyPomeloDemo\MyPomeloServer\game-server\node_modules\pomelo\lib\common\service\sessionService.js] [39msession on [gate-server-1] is closed with session id: 1
[2016-12-09 10:06:00.188] [INFO] pomelo - [32m[E:\projects\MyPomeloDemo\MyPomeloServer\game-server\node_modules\pomelo\lib\application.js] [39mapplication inited: "gate-server-1"
[2016-12-09 10:06:01.010] [INFO] pomelo - [32m[E:\projects\MyPomeloDemo\MyPomeloServer\game-server\node_modules\pomelo\lib\application.js] [39m"gate-server-1" enter after start...
[2016-12-09 10:06:01.020] [INFO] pomelo - [32m[E:\projects\MyPomeloDemo\MyPomeloServer\game-server\node_modules\pomelo\lib\application.js] [39m"gate-server-1" finish start
[2016-12-09 10:06:01.020] [INFO] pomelo - [32m[E:\projects\MyPomeloDemo\MyPomeloServer\game-server\node_modules\pomelo\lib\application.js] [39m"gate-server-1" startup in 461 ms
[2016-12-09 11:10:19.391] [DEBUG] pomelo - [36m[E:\projects\MyPomeloDemo\MyPomeloServer\game-server\node_modules\pomelo\lib\components\connector.js] [39m[gate-server-1] getSession session is created with session id: 1
[2016-12-09 11:10:19.512] [DEBUG] pomelo - [36m[E:\projects\MyPomeloDemo\MyPomeloServer\game-server\node_modules\pomelo\lib\components\connector.js] [39m[gate-server-1] handleMessage session id: 1, msg: {"id":1,"type":0,"compressRoute":0,"route":"gate.gateHandler.queryEntry","body":{"uid":"hjc"},"compressGzip":0}
[2016-12-09 11:10:19.551] [DEBUG] pomelo - [36m[E:\projects\MyPomeloDemo\MyPomeloServer\game-server\node_modules\pomelo\lib\components\connector.js] [39m[gate-server-1] send message reqId: 1, route: gate.gateHandler.queryEntry, msg: {"code":200,"host":"127.0.0.1","port":3050}, receivers: [1], opts: {"type":"response","userOptions":{},"isResponse":true}
[2016-12-09 11:10:19.624] [DEBUG] pomelo - [36m[E:\projects\MyPomeloDemo\MyPomeloServer\game-server\node_modules\pomelo\lib\common\service\sessionService.js] [39msession on [gate-server-1] is closed with session id: 1
[2016-12-09 11:11:15.355] [DEBUG] pomelo - [36m[E:\projects\MyPomeloDemo\MyPomeloServer\game-server\node_modules\pomelo\lib\components\connector.js] [39m[gate-server-1] getSession session is created with session id: 2
[2016-12-09 11:11:15.369] [DEBUG] pomelo - [36m[E:\projects\MyPomeloDemo\MyPomeloServer\game-server\node_modules\pomelo\lib\components\connector.js] [39m[gate-server-1] handleMessage session id: 2, msg: {"id":1,"type":0,"compressRoute":0,"route":"gate.gateHandler.queryEntry","body":{"uid":"hjc"},"compressGzip":0}
[2016-12-09 11:11:15.370] [DEBUG] pomelo - [36m[E:\projects\MyPomeloDemo\MyPomeloServer\game-server\node_modules\pomelo\lib\components\connector.js] [39m[gate-server-1] send message reqId: 1, route: gate.gateHandler.queryEntry, msg: {"code":200,"host":"127.0.0.1","port":3050}, receivers: [2], opts: {"type":"response","userOptions":{},"isResponse":true}
[2016-12-09 11:11:15.385] [DEBUG] pomelo - [36m[E:\projects\MyPomeloDemo\MyPomeloServer\game-server\node_modules\pomelo\lib\common\service\sessionService.js] [39msession on [gate-server-1] is closed with session id: 2
