[2016-11-22 21:24:30.880] [INFO] pomelo - [32m[/Users/Henry/Documents/project/MyPomeloServer/game-server/node_modules/pomelo/lib/application.js] [39mapplication inited: "connector-server-1"
[2016-11-22 21:24:31.177] [INFO] pomelo - [32m[/Users/Henry/Documents/project/MyPomeloServer/game-server/node_modules/pomelo/lib/application.js] [39m"connector-server-1" enter after start...
[2016-11-22 21:24:31.180] [INFO] pomelo - [32m[/Users/Henry/Documents/project/MyPomeloServer/game-server/node_modules/pomelo/lib/application.js] [39m"connector-server-1" finish start
[2016-11-22 21:24:31.180] [INFO] pomelo - [32m[/Users/Henry/Documents/project/MyPomeloServer/game-server/node_modules/pomelo/lib/application.js] [39m"connector-server-1" startup in 225 ms
[2016-11-22 21:24:49.771] [DEBUG] pomelo - [36m[/Users/Henry/Documents/project/MyPomeloServer/game-server/node_modules/pomelo/lib/components/connector.js] [39m[connector-server-1] getSession session is created with session id: 1
[2016-11-22 21:24:49.785] [DEBUG] pomelo - [36m[/Users/Henry/Documents/project/MyPomeloServer/game-server/node_modules/pomelo/lib/components/connector.js] [39m[connector-server-1] handleMessage session id: 1, msg: {"id":1,"type":0,"compressRoute":0,"route":"connector.entryHandler.entry","body":"hello pomelo","compressGzip":0}
[2016-11-22 21:24:49.788] [DEBUG] pomelo - [36m[/Users/Henry/Documents/project/MyPomeloServer/game-server/node_modules/pomelo/lib/components/connector.js] [39m[connector-server-1] send message reqId: 1, route: connector.entryHandler.entry, msg: {"code":200,"msg":"game server is ok."}, receivers: [1], opts: {"type":"response","userOptions":{},"isResponse":true}
[2016-11-22 22:09:45.870] [DEBUG] pomelo - [36m[/Users/Henry/Documents/project/MyPomeloServer/game-server/node_modules/pomelo/lib/common/service/sessionService.js] [39msession on [connector-server-1] is closed with session id: 1
[2016-11-22 23:22:41.127] [INFO] pomelo - [32m[/Users/Henry/Documents/project/MyPomeloServer/game-server/node_modules/pomelo/lib/application.js] [39mapplication inited: "connector-server-1"
[2016-11-22 23:22:41.450] [INFO] pomelo - [32m[/Users/Henry/Documents/project/MyPomeloServer/game-server/node_modules/pomelo/lib/application.js] [39m"connector-server-1" enter after start...
[2016-11-22 23:22:41.454] [INFO] pomelo - [32m[/Users/Henry/Documents/project/MyPomeloServer/game-server/node_modules/pomelo/lib/application.js] [39m"connector-server-1" finish start
[2016-11-22 23:22:41.454] [INFO] pomelo - [32m[/Users/Henry/Documents/project/MyPomeloServer/game-server/node_modules/pomelo/lib/application.js] [39m"connector-server-1" startup in 249 ms
[2016-11-22 23:23:12.397] [DEBUG] pomelo - [36m[/Users/Henry/Documents/project/MyPomeloServer/game-server/node_modules/pomelo/lib/components/connector.js] [39m[connector-server-1] getSession session is created with session id: 1
[2016-11-22 23:23:12.412] [DEBUG] pomelo - [36m[/Users/Henry/Documents/project/MyPomeloServer/game-server/node_modules/pomelo/lib/components/connector.js] [39m[connector-server-1] handleMessage session id: 1, msg: {"id":1,"type":0,"compressRoute":1,"route":"connector.entryHandler.entry","body":"hello pomelo","compressGzip":0}
[2016-11-22 23:23:12.416] [DEBUG] pomelo - [36m[/Users/Henry/Documents/project/MyPomeloServer/game-server/node_modules/pomelo/lib/components/connector.js] [39m[connector-server-1] send message reqId: 1, route: connector.entryHandler.entry, msg: {"code":200,"msg":"game server is ok."}, receivers: [1], opts: {"type":"response","userOptions":{},"isResponse":true}
[2016-11-23 15:16:13.961] [INFO] pomelo - [32m[E:\projects\MyPomeloDemo\MyPomeloServer\game-server\node_modules\pomelo\lib\application.js] [39mapplication inited: "connector-server-1"
[2016-11-23 15:16:14.637] [INFO] pomelo - [32m[E:\projects\MyPomeloDemo\MyPomeloServer\game-server\node_modules\pomelo\lib\application.js] [39m"connector-server-1" enter after start...
[2016-11-23 15:16:14.640] [INFO] pomelo - [32m[E:\projects\MyPomeloDemo\MyPomeloServer\game-server\node_modules\pomelo\lib\application.js] [39m"connector-server-1" finish start
[2016-11-23 15:16:14.640] [INFO] pomelo - [32m[E:\projects\MyPomeloDemo\MyPomeloServer\game-server\node_modules\pomelo\lib\application.js] [39m"connector-server-1" startup in 484 ms
[2016-11-23 15:16:35.284] [DEBUG] pomelo - [36m[E:\projects\MyPomeloDemo\MyPomeloServer\game-server\node_modules\pomelo\lib\components\connector.js] [39m[connector-server-1] getSession session is created with session id: 1
[2016-11-23 15:16:35.842] [DEBUG] pomelo - [36m[E:\projects\MyPomeloDemo\MyPomeloServer\game-server\node_modules\pomelo\lib\components\connector.js] [39m[connector-server-1] handleMessage session id: 1, msg: {"id":1,"type":0,"compressRoute":1,"route":"connector.entryHandler.entry","body":"hello pomelo","compressGzip":0}
[2016-11-23 15:16:35.871] [DEBUG] pomelo - [36m[E:\projects\MyPomeloDemo\MyPomeloServer\game-server\node_modules\pomelo\lib\components\connector.js] [39m[connector-server-1] send message reqId: 1, route: connector.entryHandler.entry, msg: {"code":200,"msg":"game server is ok."}, receivers: [1], opts: {"type":"response","userOptions":{},"isResponse":true}
[2016-11-23 17:00:45.974] [DEBUG] pomelo - [36m[E:\projects\MyPomeloDemo\MyPomeloServer\game-server\node_modules\pomelo\lib\common\service\sessionService.js] [39msession on [connector-server-1] is closed with session id: 1
[2016-11-24 18:23:11.755] [INFO] pomelo - [32m[E:\projects\MyPomeloDemo\MyPomeloServer\game-server\node_modules\pomelo\lib\application.js] [39mapplication inited: "connector-server-1"
[2016-11-24 18:23:12.654] [INFO] pomelo - [32m[E:\projects\MyPomeloDemo\MyPomeloServer\game-server\node_modules\pomelo\lib\application.js] [39m"connector-server-1" enter after start...
[2016-11-24 18:23:12.660] [INFO] pomelo - [32m[E:\projects\MyPomeloDemo\MyPomeloServer\game-server\node_modules\pomelo\lib\application.js] [39m"connector-server-1" finish start
[2016-11-24 18:23:12.660] [INFO] pomelo - [32m[E:\projects\MyPomeloDemo\MyPomeloServer\game-server\node_modules\pomelo\lib\application.js] [39m"connector-server-1" startup in 316 ms
[2016-12-06 11:31:27.895] [INFO] pomelo - [32m[E:\projects\MyPomeloDemo\MyPomeloServer\game-server\node_modules\pomelo\lib\application.js] [39mapplication inited: "connector-server-1"
[2016-12-06 11:31:28.643] [INFO] pomelo - [32m[E:\projects\MyPomeloDemo\MyPomeloServer\game-server\node_modules\pomelo\lib\application.js] [39m"connector-server-1" enter after start...
[2016-12-06 11:31:28.649] [INFO] pomelo - [32m[E:\projects\MyPomeloDemo\MyPomeloServer\game-server\node_modules\pomelo\lib\application.js] [39m"connector-server-1" finish start
[2016-12-06 11:31:28.650] [INFO] pomelo - [32m[E:\projects\MyPomeloDemo\MyPomeloServer\game-server\node_modules\pomelo\lib\application.js] [39m"connector-server-1" startup in 433 ms
[2016-12-06 11:33:25.191] [INFO] pomelo - [32m[E:\projects\MyPomeloDemo\MyPomeloServer\game-server\node_modules\pomelo\lib\application.js] [39mapplication inited: "connector-server-1"
[2016-12-06 11:33:25.733] [INFO] pomelo - [32m[E:\projects\MyPomeloDemo\MyPomeloServer\game-server\node_modules\pomelo\lib\application.js] [39m"connector-server-1" enter after start...
[2016-12-06 11:33:25.750] [INFO] pomelo - [32m[E:\projects\MyPomeloDemo\MyPomeloServer\game-server\node_modules\pomelo\lib\application.js] [39m"connector-server-1" finish start
[2016-12-06 11:33:25.750] [INFO] pomelo - [32m[E:\projects\MyPomeloDemo\MyPomeloServer\game-server\node_modules\pomelo\lib\application.js] [39m"connector-server-1" startup in 385 ms
[2016-12-06 11:36:31.740] [DEBUG] pomelo - [36m[E:\projects\MyPomeloDemo\MyPomeloServer\game-server\node_modules\pomelo\lib\components\connector.js] [39m[connector-server-1] getSession session is created with session id: 1
[2016-12-06 11:36:31.800] [DEBUG] pomelo - [36m[E:\projects\MyPomeloDemo\MyPomeloServer\game-server\node_modules\pomelo\lib\components\connector.js] [39m[connector-server-1] handleMessage session id: 1, msg: {"id":2,"type":0,"compressRoute":0,"route":"connector.entryHandler.enter","body":{"username":"请输入用户名1","rid":"请输入房间号2"},"compressGzip":0}
[2016-12-06 11:36:31.839] [DEBUG] pomelo - [36m[E:\projects\MyPomeloDemo\MyPomeloServer\game-server\node_modules\pomelo\lib\components\connector.js] [39msession on [connector-server-1] bind with uid: 请输入用户名1*请输入房间号2
[2016-12-06 11:36:31.936] [DEBUG] pomelo - [36m[E:\projects\MyPomeloDemo\MyPomeloServer\game-server\node_modules\pomelo\lib\components\connector.js] [39m[connector-server-1] send message reqId: 2, route: connector.entryHandler.enter, msg: {"users":["请输入用户名1"]}, receivers: [1], opts: {"type":"response","userOptions":{},"isResponse":true}
[2016-12-07 23:18:18.737] [INFO] pomelo - [32m[/Users/Henry/Documents/project/MyPomeloDemo/MyPomeloServer/game-server/node_modules/pomelo/lib/application.js] [39mapplication inited: "connector-server-1"
[2016-12-07 23:18:19.201] [INFO] pomelo - [32m[/Users/Henry/Documents/project/MyPomeloDemo/MyPomeloServer/game-server/node_modules/pomelo/lib/application.js] [39m"connector-server-1" enter after start...
[2016-12-07 23:18:19.205] [INFO] pomelo - [32m[/Users/Henry/Documents/project/MyPomeloDemo/MyPomeloServer/game-server/node_modules/pomelo/lib/application.js] [39m"connector-server-1" finish start
[2016-12-07 23:18:19.205] [INFO] pomelo - [32m[/Users/Henry/Documents/project/MyPomeloDemo/MyPomeloServer/game-server/node_modules/pomelo/lib/application.js] [39m"connector-server-1" startup in 360 ms
